2024-03-24 22:47:27,452 [INFO] Activator:177 - 


2024-03-24 22:47:27,455 [INFO] Activator:178 - !SESSION log4j initialized
2024-03-24 22:48:02,091 [ERROR] LogOutputStream:74 - [STDERR_REDIRECT] SLF4J: Failed to load class "org.slf4j.impl.StaticLoggerBinder".
2024-03-24 22:48:02,092 [ERROR] LogOutputStream:74 - [STDERR_REDIRECT] SLF4J: Defaulting to no-operation (NOP) logger implementation
2024-03-24 22:48:02,094 [ERROR] LogOutputStream:74 - [STDERR_REDIRECT] SLF4J: See http://www.slf4j.org/codes.html#StaticLoggerBinder for further details.
2024-03-24 22:50:05,088 [INFO] McuFinderGlobals:44 - Set McuFinder mode to 2 (CubeIDE integrated)
2024-03-24 22:50:05,594 [INFO] ApplicationProperties:181 - Using Application install path: C:\ST\STM32CubeIDE_1.10.1\STM32CubeIDE\plugins\com.st.stm32cube.common.mx_6.6.1.202207061420
2024-03-24 22:50:05,619 [INFO] DbMcusXml:77 - Set database path to: C:\ST\STM32CubeIDE_1.10.1\STM32CubeIDE\plugins\com.st.stm32cube.common.mx_6.6.1.202207061420\\db\/mcu/
2024-03-24 22:50:05,620 [INFO] ApiDb:269 - Set plugin database path to: C:\ST\STM32CubeIDE_1.10.1\STM32CubeIDE\plugins\com.st.stm32cube.common.mx_6.6.1.202207061420\\db\/plugins/boardmanager/
2024-03-24 22:50:05,623 [WARN] ApiDb:254 - Overriding images path with different value:  => C:\ST\STM32CubeIDE_1.10.1\STM32CubeIDE\plugins\com.st.stm32cube.common.mx_6.6.1.202207061420\\db\/plugins/mcufinder/images/
2024-03-24 22:50:05,647 [INFO] ApiDb:249 - Set database path to: C:\Users\user\.stmcufinder\plugins\mcufinder//mcu/
2024-03-24 22:50:05,650 [INFO] DbMcusAds:124 - Set database path to: C:\Users\user\.stmcufinder\plugins\mcufinder//mcu/
2024-03-24 22:50:06,192 [INFO] CrossReferenceDbSqlite:201 - Set database path to: C:\Users\user\.stmcufinder\plugins\mcufinder//mcu/cs/
2024-03-24 22:50:06,328 [INFO] RulesReader:61 - Compatibility file has been processed (282 Rules)
2024-03-24 22:50:06,456 [INFO] DbMcusXml:77 - Set database path to: C:\ST\STM32CubeIDE_1.10.1\STM32CubeIDE\plugins\com.st.stm32cube.common.mx_6.6.1.202207061420\\db\/mcu/
2024-03-24 22:50:06,456 [INFO] ApiDb:269 - Set plugin database path to: C:\ST\STM32CubeIDE_1.10.1\STM32CubeIDE\plugins\com.st.stm32cube.common.mx_6.6.1.202207061420\\db\/plugins/boardmanager/
2024-03-24 22:50:06,456 [INFO] ApiDb:256 - Set plugin images path to: C:\ST\STM32CubeIDE_1.10.1\STM32CubeIDE\plugins\com.st.stm32cube.common.mx_6.6.1.202207061420\\db\/plugins/mcufinder/images/
2024-03-24 22:50:06,457 [WARN] DbFile:40 - Overriding database path with different value: C:\Users\user\.stmcufinder\plugins\mcufinder/ => C:\Users\user\.stmcufinder\plugins\mcufinder
2024-03-24 22:50:06,457 [INFO] ApiDb:249 - Set database path to: C:\Users\user\.stmcufinder\plugins\mcufinder//mcu/
2024-03-24 22:50:06,457 [WARN] DbFile:40 - Overriding database path with different value: C:\Users\user\.stmcufinder\plugins\mcufinder/ => C:\Users\user\.stmcufinder\plugins\mcufinder
2024-03-24 22:50:06,457 [INFO] DbMcusAds:124 - Set database path to: C:\Users\user\.stmcufinder\plugins\mcufinder//mcu/
2024-03-24 22:50:06,458 [WARN] DbFile:40 - Overriding database path with different value: C:\Users\user\.stmcufinder\plugins\mcufinder/ => C:\Users\user\.stmcufinder\plugins\mcufinder
2024-03-24 22:50:06,458 [WARN] DbFile:40 - Overriding database path with different value: C:\Users\user\.stmcufinder\plugins\mcufinder/ => C:\Users\user\.stmcufinder\plugins\mcufinder
2024-03-24 22:50:06,458 [INFO] CrossReferenceDbSqlite:201 - Set database path to: C:\Users\user\.stmcufinder\plugins\mcufinder//mcu/cs/
2024-03-24 22:50:06,559 [INFO] MainPanel:242 - HeapMemory: 569376768
2024-03-24 22:50:06,679 [INFO] DbMcusXml:77 - Set database path to: C:\ST\STM32CubeIDE_1.10.1\STM32CubeIDE\plugins\com.st.stm32cube.common.mx_6.6.1.202207061420\\db\/mcu/
2024-03-24 22:50:06,679 [INFO] ApiDb:269 - Set plugin database path to: C:\ST\STM32CubeIDE_1.10.1\STM32CubeIDE\plugins\com.st.stm32cube.common.mx_6.6.1.202207061420\\db\/plugins/boardmanager/
2024-03-24 22:50:06,679 [INFO] ApiDb:256 - Set plugin images path to: C:\ST\STM32CubeIDE_1.10.1\STM32CubeIDE\plugins\com.st.stm32cube.common.mx_6.6.1.202207061420\\db\/plugins/mcufinder/images/
2024-03-24 22:50:06,680 [WARN] DbFile:40 - Overriding database path with different value: C:\Users\user\.stmcufinder\plugins\mcufinder/ => C:\Users\user\.stmcufinder\plugins\mcufinder
2024-03-24 22:50:06,680 [INFO] ApiDb:249 - Set database path to: C:\Users\user\.stmcufinder\plugins\mcufinder//mcu/
2024-03-24 22:50:06,680 [WARN] DbFile:40 - Overriding database path with different value: C:\Users\user\.stmcufinder\plugins\mcufinder/ => C:\Users\user\.stmcufinder\plugins\mcufinder
2024-03-24 22:50:06,680 [INFO] DbMcusAds:124 - Set database path to: C:\Users\user\.stmcufinder\plugins\mcufinder//mcu/
2024-03-24 22:50:06,680 [WARN] DbFile:40 - Overriding database path with different value: C:\Users\user\.stmcufinder\plugins\mcufinder/ => C:\Users\user\.stmcufinder\plugins\mcufinder
2024-03-24 22:50:06,680 [WARN] DbFile:40 - Overriding database path with different value: C:\Users\user\.stmcufinder\plugins\mcufinder/ => C:\Users\user\.stmcufinder\plugins\mcufinder
2024-03-24 22:50:06,681 [INFO] CrossReferenceDbSqlite:201 - Set database path to: C:\Users\user\.stmcufinder\plugins\mcufinder//mcu/cs/
2024-03-24 22:50:06,704 [INFO] ApplicationProperties:181 - Using Application install path: C:\ST\STM32CubeIDE_1.10.1\STM32CubeIDE\plugins\com.st.stm32cube.common.mx_6.6.1.202207061420
2024-03-24 22:50:06,706 [INFO] PluginManage:193 - Search for loadable plugins [exclusion list=, ]
2024-03-24 22:50:06,708 [INFO] PluginManage:307 - Check plugin analytics
2024-03-24 22:50:06,870 [INFO] AnalyticsPlugin:262 - Accepted Software Licenses: 
2024-03-24 22:50:06,871 [INFO] AnalyticsPlugin:264 - Accepted CMSIS Pack Licenses: 
2024-03-24 22:50:06,872 [INFO] AnalyticsPlugin:266 - Accepted Firmware Licenses: 
2024-03-24 22:50:06,883 [INFO] PluginManage:356 - Loaded plugin analytics (category:tool,tabindex:-1)
2024-03-24 22:50:06,884 [INFO] PluginManage:307 - Check plugin cadmodel
2024-03-24 22:50:06,928 [INFO] CADModel:65 - Init CAD model plugin
2024-03-24 22:50:06,928 [INFO] PluginManage:356 - Loaded plugin cadmodel (category:power,tabindex:5)
2024-03-24 22:50:06,928 [INFO] PluginManage:307 - Check plugin clock
2024-03-24 22:50:06,953 [INFO] PluginManage:356 - Loaded plugin clock (category:base,tabindex:2)
2024-03-24 22:50:06,953 [INFO] PluginManage:307 - Check plugin ddr
2024-03-24 22:50:06,956 [INFO] PluginManage:356 - Loaded plugin ddr (category:tool,tabindex:6)
2024-03-24 22:50:06,956 [INFO] PluginManage:307 - Check plugin filemanager
2024-03-24 22:50:07,110 [INFO] PluginManage:356 - Loaded plugin filemanager (category:base,tabindex:10)
2024-03-24 22:50:07,111 [INFO] PluginManage:307 - Check plugin ipmanager
2024-03-24 22:50:07,140 [INFO] PluginManage:356 - Loaded plugin ipmanager (category:base,tabindex:5)
2024-03-24 22:50:07,140 [INFO] PluginManage:307 - Check plugin lpbam
2024-03-24 22:50:07,154 [INFO] PluginManage:356 - Loaded plugin lpbam (category:base,tabindex:0)
2024-03-24 22:50:07,155 [INFO] PluginManage:307 - Check plugin pinoutandconfiguration
2024-03-24 22:50:07,168 [INFO] PluginManage:356 - Loaded plugin pinoutandconfiguration (category:base,tabindex:1)
2024-03-24 22:50:07,168 [INFO] PluginManage:307 - Check plugin pinoutconfig
2024-03-24 22:50:07,206 [INFO] PluginManage:356 - Loaded plugin pinoutconfig (category:base,tabindex:0)
2024-03-24 22:50:07,206 [INFO] PluginManage:307 - Check plugin power
2024-03-24 22:50:07,235 [INFO] PluginManage:356 - Loaded plugin power (category:power,tabindex:4)
2024-03-24 22:50:07,236 [INFO] PluginManage:307 - Check plugin projectmanager
2024-03-24 22:50:07,256 [INFO] PluginManage:356 - Loaded plugin projectmanager (category:projectmanager,tabindex:3)
2024-03-24 22:50:07,256 [INFO] PluginManage:307 - Check plugin thirdparty
2024-03-24 22:50:07,428 [WARN] IntegrityCheckThread:82 - waiting for thirdparty lock release [integrity check]
2024-03-24 22:50:07,428 [INFO] PluginManage:356 - Loaded plugin thirdparty (category:base,tabindex:-1)
2024-03-24 22:50:07,430 [INFO] PluginManage:307 - Check plugin tools
2024-03-24 22:50:07,430 [INFO] IntegrityCheckThread:84 - entering critical section [integrity check]
2024-03-24 22:50:07,454 [INFO] ThirdPartyUpdaterWithRetryManager:70 - Updater plugin not ready yet. [1/15]
2024-03-24 22:50:07,458 [INFO] PluginManage:356 - Loaded plugin tools (category:base,tabindex:7)
2024-03-24 22:50:07,458 [INFO] PluginManage:307 - Check plugin tutovideos
2024-03-24 22:50:07,982 [INFO] PluginManage:356 - Loaded plugin tutovideos (category:base,tabindex:-1)
2024-03-24 22:50:07,982 [INFO] PluginManage:307 - Check plugin updater
2024-03-24 22:50:08,001 [INFO] PluginManage:356 - Loaded plugin updater (category:base,tabindex:12)
2024-03-24 22:50:08,002 [INFO] PluginManage:280 - PluginManage : Loaded plugins [15]
2024-03-24 22:50:08,296 [INFO] PinOutPanel:1468 - setPackage(No Configuration,No Configuration)
2024-03-24 22:50:08,396 [INFO] CADModel:98 - CPN selected for project level
2024-03-24 22:50:08,477 [INFO] IPUIPlugin:79 - create IPUIPlugin
2024-03-24 22:50:08,478 [INFO] PluginManager:217 - loadIPPluginJar : add adc
2024-03-24 22:50:08,485 [INFO] IPUIPlugin:79 - create IPUIPlugin
2024-03-24 22:50:08,486 [INFO] PluginManager:217 - loadIPPluginJar : add aes
2024-03-24 22:50:08,494 [INFO] IPUIPlugin:79 - create IPUIPlugin
2024-03-24 22:50:08,495 [INFO] PluginManager:217 - loadIPPluginJar : add can
2024-03-24 22:50:08,500 [INFO] IPUIPlugin:79 - create IPUIPlugin
2024-03-24 22:50:08,501 [INFO] PluginManager:217 - loadIPPluginJar : add comp
2024-03-24 22:50:08,508 [INFO] IPUIPlugin:79 - create IPUIPlugin
2024-03-24 22:50:08,508 [INFO] PluginManager:217 - loadIPPluginJar : add cryp
2024-03-24 22:50:08,515 [INFO] IPUIPlugin:79 - create IPUIPlugin
2024-03-24 22:50:08,516 [INFO] PluginManager:217 - loadIPPluginJar : add dfsdm
2024-03-24 22:50:08,527 [INFO] IPUIPlugin:79 - create IPUIPlugin
2024-03-24 22:50:08,527 [INFO] PluginManager:217 - loadIPPluginJar : add dma
2024-03-24 22:50:08,532 [INFO] IPUIPlugin:79 - create IPUIPlugin
2024-03-24 22:50:08,532 [INFO] PluginManager:217 - loadIPPluginJar : add dma3
2024-03-24 22:50:08,535 [INFO] IPUIPlugin:79 - create IPUIPlugin
2024-03-24 22:50:08,535 [INFO] PluginManager:217 - loadIPPluginJar : add fatfs
2024-03-24 22:50:08,543 [INFO] IPUIPlugin:79 - create IPUIPlugin
2024-03-24 22:50:08,543 [INFO] PluginManager:217 - loadIPPluginJar : add fmc
2024-03-24 22:50:08,554 [INFO] IPUIPlugin:79 - create IPUIPlugin
2024-03-24 22:50:08,554 [INFO] PluginManager:217 - loadIPPluginJar : add freertos
2024-03-24 22:50:08,557 [INFO] IPUIPlugin:79 - create IPUIPlugin
2024-03-24 22:50:08,557 [INFO] PluginManager:217 - loadIPPluginJar : add genericplugin
2024-03-24 22:50:08,588 [INFO] IPUIPlugin:79 - create IPUIPlugin
2024-03-24 22:50:08,588 [INFO] PluginManager:217 - loadIPPluginJar : add gfxmmu
2024-03-24 22:50:08,597 [INFO] IPUIPlugin:79 - create IPUIPlugin
2024-03-24 22:50:08,597 [INFO] PluginManager:217 - loadIPPluginJar : add gic
2024-03-24 22:50:08,606 [INFO] IPUIPlugin:79 - create IPUIPlugin
2024-03-24 22:50:08,606 [INFO] PluginManager:217 - loadIPPluginJar : add gpio
2024-03-24 22:50:08,641 [INFO] IPUIPlugin:79 - create IPUIPlugin
2024-03-24 22:50:08,641 [INFO] PluginManager:217 - loadIPPluginJar : add gtzc
2024-03-24 22:50:08,648 [INFO] IPUIPlugin:79 - create IPUIPlugin
2024-03-24 22:50:08,649 [INFO] PluginManager:217 - loadIPPluginJar : add hash
2024-03-24 22:50:08,655 [INFO] IPUIPlugin:79 - create IPUIPlugin
2024-03-24 22:50:08,655 [INFO] PluginManager:217 - loadIPPluginJar : add i2c
2024-03-24 22:50:08,661 [INFO] IPUIPlugin:79 - create IPUIPlugin
2024-03-24 22:50:08,662 [INFO] PluginManager:217 - loadIPPluginJar : add i2s
2024-03-24 22:50:08,669 [INFO] IPUIPlugin:79 - create IPUIPlugin
2024-03-24 22:50:08,669 [INFO] PluginManager:217 - loadIPPluginJar : add ipddr
2024-03-24 22:50:08,679 [INFO] IPUIPlugin:79 - create IPUIPlugin
2024-03-24 22:50:08,680 [INFO] PluginManager:217 - loadIPPluginJar : add linkedlist
2024-03-24 22:50:08,685 [INFO] IPUIPlugin:79 - create IPUIPlugin
2024-03-24 22:50:08,685 [INFO] PluginManager:217 - loadIPPluginJar : add lorawan
2024-03-24 22:50:08,689 [INFO] IPUIPlugin:79 - create IPUIPlugin
2024-03-24 22:50:08,689 [INFO] PluginManager:217 - loadIPPluginJar : add ltdc
2024-03-24 22:50:08,822 [INFO] IPUIPlugin:79 - create IPUIPlugin
2024-03-24 22:50:08,823 [INFO] PluginManager:217 - loadIPPluginJar : add mdma
2024-03-24 22:50:08,830 [INFO] IPUIPlugin:79 - create IPUIPlugin
2024-03-24 22:50:08,831 [INFO] PluginManager:217 - loadIPPluginJar : add nvic
2024-03-24 22:50:08,836 [INFO] IPUIPlugin:79 - create IPUIPlugin
2024-03-24 22:50:08,837 [INFO] PluginManager:217 - loadIPPluginJar : add opamp
2024-03-24 22:50:08,842 [INFO] IPUIPlugin:79 - create IPUIPlugin
2024-03-24 22:50:08,842 [INFO] PluginManager:217 - loadIPPluginJar : add openamp
2024-03-24 22:50:08,859 [INFO] IPUIPlugin:79 - create IPUIPlugin
2024-03-24 22:50:08,859 [INFO] PluginManager:217 - loadIPPluginJar : add pdm2pcm
2024-03-24 22:50:08,869 [INFO] IPUIPlugin:79 - create IPUIPlugin
2024-03-24 22:50:08,872 [INFO] PluginManager:217 - loadIPPluginJar : add plateformsettings
2024-03-24 22:50:08,883 [INFO] IPUIPlugin:79 - create IPUIPlugin
2024-03-24 22:50:08,884 [INFO] PluginManager:217 - loadIPPluginJar : add quadspi
2024-03-24 22:50:08,898 [INFO] IPUIPlugin:79 - create IPUIPlugin
2024-03-24 22:50:08,898 [INFO] PluginManager:217 - loadIPPluginJar : add resmgrutility
2024-03-24 22:50:08,906 [INFO] IPUIPlugin:79 - create IPUIPlugin
2024-03-24 22:50:08,906 [INFO] PluginManager:217 - loadIPPluginJar : add sai
2024-03-24 22:50:08,911 [INFO] IPUIPlugin:79 - create IPUIPlugin
2024-03-24 22:50:08,911 [INFO] PluginManager:217 - loadIPPluginJar : add spi
2024-03-24 22:50:08,919 [INFO] IPUIPlugin:79 - create IPUIPlugin
2024-03-24 22:50:08,919 [INFO] PluginManager:217 - loadIPPluginJar : add stm32_wpan
2024-03-24 22:50:08,922 [INFO] IPUIPlugin:79 - create IPUIPlugin
2024-03-24 22:50:08,923 [INFO] PluginManager:217 - loadIPPluginJar : add tim
2024-03-24 22:50:08,930 [INFO] IPUIPlugin:79 - create IPUIPlugin
2024-03-24 22:50:08,930 [INFO] PluginManager:217 - loadIPPluginJar : add touchsensing
2024-03-24 22:50:08,939 [INFO] IPUIPlugin:79 - create IPUIPlugin
2024-03-24 22:50:08,939 [INFO] PluginManager:217 - loadIPPluginJar : add tracer_emb
2024-03-24 22:50:08,942 [INFO] IPUIPlugin:79 - create IPUIPlugin
2024-03-24 22:50:08,943 [INFO] PluginManager:217 - loadIPPluginJar : add ts
2024-03-24 22:50:08,945 [INFO] IPUIPlugin:79 - create IPUIPlugin
2024-03-24 22:50:08,946 [INFO] PluginManager:217 - loadIPPluginJar : add tsc
2024-03-24 22:50:08,961 [INFO] IPUIPlugin:79 - create IPUIPlugin
2024-03-24 22:50:08,961 [INFO] PluginManager:217 - loadIPPluginJar : add ucpd
2024-03-24 22:50:08,974 [INFO] IPUIPlugin:79 - create IPUIPlugin
2024-03-24 22:50:08,974 [INFO] PluginManager:217 - loadIPPluginJar : add usart
2024-03-24 22:50:08,980 [INFO] IPUIPlugin:79 - create IPUIPlugin
2024-03-24 22:50:08,980 [INFO] PluginManager:217 - loadIPPluginJar : add usbx
2024-03-24 22:50:09,311 [FATAL] Updater:301 - Updater called before beeing initialized
2024-03-24 22:50:09,441 [FATAL] Updater:301 - Updater called before beeing initialized
2024-03-24 22:50:09,452 [INFO] DbMcusAds:52 - JSON generation date=Tue Mar 07 10:50:55 EET 2023 (1678179055335)
2024-03-24 22:50:09,452 [FATAL] Updater:301 - Updater called before beeing initialized
2024-03-24 22:50:09,551 [WARN] DetailPanel:344 - Failed to get advertising image, set to default
2024-03-24 22:50:09,718 [FATAL] Updater:301 - Updater called before beeing initialized
2024-03-24 22:50:09,721 [FATAL] Updater:301 - Updater called before beeing initialized
2024-03-24 22:50:09,721 [FATAL] Updater:301 - Updater called before beeing initialized
2024-03-24 22:50:09,721 [WARN] DetailPanel:344 - Failed to get advertising image, set to default
2024-03-24 22:50:09,722 [FATAL] Updater:301 - Updater called before beeing initialized
2024-03-24 22:50:09,800 [ERROR] Updater:1105 - MainUpdater not yet initialized. External WinMGr cannot be set.
2024-03-24 22:50:09,815 [INFO] Updater:1041 - Updater Version found : 6.6.1
2024-03-24 22:50:09,843 [INFO] ApplicationProperties:181 - Using Application install path: C:\ST\STM32CubeIDE_1.10.1\STM32CubeIDE\plugins\com.st.stm32cube.common.mx_6.6.1.202207061420
2024-03-24 22:50:10,284 [INFO] MainUpdater:2768 - connection check result : 10
2024-03-24 22:50:10,285 [INFO] MainUpdater:3453 - Updater definition file requires update
2024-03-24 22:50:10,286 [INFO] MainUpdater:280 - Updater Check For Update Now.
2024-03-24 22:50:10,287 [INFO] MicroXplorer:481 - Change Database Version : DB.6.0.60
2024-03-24 22:50:10,416 [INFO] ServerAccessManage:474 - Download File updaters.zip
2024-03-24 22:50:10,468 [WARN] MainUpdater:1184 - Updater busy. Cannot search thirdparties
2024-03-24 22:50:10,469 [INFO] ThirdPartyUpdaterWithRetryManager:96 - Updater plugin is busy. [1/15]
2024-03-24 22:50:10,657 [INFO] FileExtend:239 - Unzip File : updaters.zip
2024-03-24 22:50:10,657 [INFO] FileExtend:254 - Standard Zip Deflate
2024-03-24 22:50:13,057 [INFO] ServerAccessManage:474 - Download File PacksControlFlags.xml
2024-03-24 22:50:13,354 [INFO] ServerAccessManage:474 - Download File cubemx.pidx
2024-03-24 22:50:13,478 [WARN] MainUpdater:1184 - Updater busy. Cannot search thirdparties
2024-03-24 22:50:13,478 [INFO] ThirdPartyUpdaterWithRetryManager:96 - Updater plugin is busy. [2/15]
2024-03-24 22:50:13,772 [INFO] ServerAccessManage:474 - Download File STMicroelectronics.FP-ATR-ASTRA1.pdsc
2024-03-24 22:50:14,340 [INFO] ServerAccessManage:474 - Download File STMicroelectronics.FP-SNS-FLIGHT1.pdsc
2024-03-24 22:50:14,831 [INFO] ServerAccessManage:474 - Download File STMicroelectronics.FP-SNS-MOTENV1.pdsc
2024-03-24 22:50:15,520 [INFO] ServerAccessManage:474 - Download File STMicroelectronics.FP-SNS-MOTENVWB1.pdsc
2024-03-24 22:50:15,913 [INFO] ServerAccessManage:474 - Download File STMicroelectronics.FP-SNS-SMARTAG2.pdsc
2024-03-24 22:50:16,180 [INFO] ServerAccessManage:474 - Download File STMicroelectronics.X-CUBE-AI.pdsc
2024-03-24 22:50:16,491 [WARN] MainUpdater:1184 - Updater busy. Cannot search thirdparties
2024-03-24 22:50:16,491 [INFO] ThirdPartyUpdaterWithRetryManager:96 - Updater plugin is busy. [3/15]
2024-03-24 22:50:18,338 [INFO] ServerAccessManage:474 - Download File STMicroelectronics.X-CUBE-BLE1.pdsc
2024-03-24 22:50:19,502 [WARN] MainUpdater:1184 - Updater busy. Cannot search thirdparties
2024-03-24 22:50:19,502 [INFO] ThirdPartyUpdaterWithRetryManager:96 - Updater plugin is busy. [4/15]
2024-03-24 22:50:20,085 [ERROR] ServerAccessManage:1090 - Problem, file not found on Server
2024-03-24 22:50:20,298 [INFO] ServerAccessManage:474 - Download File STMicroelectronics.X-CUBE-BLEMGR.pdsc
2024-03-24 22:50:21,377 [INFO] ServerAccessManage:474 - Download File STMicroelectronics.X-CUBE-DISPLAY.pdsc
2024-03-24 22:50:22,257 [INFO] ServerAccessManage:474 - Download File STMicroelectronics.X-CUBE-EEPRMA1.pdsc
2024-03-24 22:50:22,515 [WARN] MainUpdater:1184 - Updater busy. Cannot search thirdparties
2024-03-24 22:50:22,515 [INFO] ThirdPartyUpdaterWithRetryManager:96 - Updater plugin is busy. [5/15]
2024-03-24 22:50:22,719 [ERROR] ServerAccessManage:1090 - Problem, file not found on Server
2024-03-24 22:50:23,266 [ERROR] ServerAccessManage:1090 - Problem, file not found on Server
2024-03-24 22:50:23,810 [INFO] ServerAccessManage:474 - Download File STMicroelectronics.X-CUBE-FREERTOS.pdsc
2024-03-24 22:50:24,377 [INFO] ServerAccessManage:474 - Download File STMicroelectronics.X-CUBE-ISPU.pdsc
2024-03-24 22:50:24,933 [INFO] ServerAccessManage:474 - Download File STMicroelectronics.X-CUBE-MEMS1.pdsc
2024-03-24 22:50:25,530 [WARN] MainUpdater:1184 - Updater busy. Cannot search thirdparties
2024-03-24 22:50:25,530 [INFO] ThirdPartyUpdaterWithRetryManager:96 - Updater plugin is busy. [6/15]
2024-03-24 22:50:28,239 [INFO] ServerAccessManage:474 - Download File STMicroelectronics.X-CUBE-NFC4.pdsc
2024-03-24 22:50:28,544 [WARN] MainUpdater:1184 - Updater busy. Cannot search thirdparties
2024-03-24 22:50:28,544 [INFO] ThirdPartyUpdaterWithRetryManager:96 - Updater plugin is busy. [7/15]
2024-03-24 22:50:30,485 [INFO] ServerAccessManage:474 - Download File STMicroelectronics.X-CUBE-NFC6.pdsc
2024-03-24 22:50:30,785 [INFO] MainUpdater:2768 - connection check result : 10
2024-03-24 22:50:30,895 [INFO] ServerAccessManage:474 - Download File STMicroelectronics.X-CUBE-NFC7.pdsc
2024-03-24 22:50:31,305 [INFO] ServerAccessManage:474 - Download File STMicroelectronics.X-CUBE-SMBUS.pdsc
2024-03-24 22:50:31,546 [WARN] MainUpdater:1184 - Updater busy. Cannot search thirdparties
2024-03-24 22:50:31,546 [INFO] ThirdPartyUpdaterWithRetryManager:96 - Updater plugin is busy. [8/15]
2024-03-24 22:50:31,845 [ERROR] ServerAccessManage:1090 - Problem, file not found on Server
2024-03-24 22:50:31,988 [INFO] ServerAccessManage:474 - Download File STMicroelectronics.X-CUBE-TOF1.pdsc
2024-03-24 22:50:34,216 [ERROR] ServerAccessManage:1090 - Problem, file not found on Server
2024-03-24 22:50:34,552 [INFO] ServerAccessManage:474 - Download File STMicroelectronics.X-CUBE-TOUCHGFX.pdsc
2024-03-24 22:50:34,555 [WARN] MainUpdater:1184 - Updater busy. Cannot search thirdparties
2024-03-24 22:50:34,555 [INFO] ThirdPartyUpdaterWithRetryManager:96 - Updater plugin is busy. [9/15]
2024-03-24 22:50:37,100 [INFO] ServerAccessManage:474 - Download File STMicroelectronics.X-CUBE-AZRTOS-H7.pdsc
2024-03-24 22:50:37,566 [WARN] MainUpdater:1184 - Updater busy. Cannot search thirdparties
2024-03-24 22:50:37,566 [INFO] ThirdPartyUpdaterWithRetryManager:96 - Updater plugin is busy. [10/15]
2024-03-24 22:50:38,568 [INFO] ServerAccessManage:474 - Download File STMicroelectronics.X-CUBE-AZRTOS-L4.pdsc
2024-03-24 22:50:39,250 [INFO] ServerAccessManage:474 - Download File STMicroelectronics.X-CUBE-AZRTOS-L5.pdsc
2024-03-24 22:50:40,080 [INFO] ServerAccessManage:474 - Download File STMicroelectronics.X-CUBE-AZRTOS-G4.pdsc
2024-03-24 22:50:40,568 [WARN] MainUpdater:1184 - Updater busy. Cannot search thirdparties
2024-03-24 22:50:40,568 [INFO] ThirdPartyUpdaterWithRetryManager:96 - Updater plugin is busy. [11/15]
2024-03-24 22:50:42,311 [INFO] ServerAccessManage:474 - Download File STMicroelectronics.X-CUBE-AZRTOS-WB.pdsc
2024-03-24 22:50:42,904 [INFO] ServerAccessManage:474 - Download File STMicroelectronics.X-CUBE-AZRTOS-WL.pdsc
2024-03-24 22:50:43,568 [WARN] MainUpdater:1184 - Updater busy. Cannot search thirdparties
2024-03-24 22:50:43,568 [INFO] ThirdPartyUpdaterWithRetryManager:96 - Updater plugin is busy. [12/15]
2024-03-24 22:50:44,554 [INFO] ServerAccessManage:474 - Download File ITTIA_DB.I-CUBE-ITTIADB.pdsc
2024-03-24 22:50:46,575 [WARN] MainUpdater:1184 - Updater busy. Cannot search thirdparties
2024-03-24 22:50:46,575 [INFO] ThirdPartyUpdaterWithRetryManager:96 - Updater plugin is busy. [13/15]
2024-03-24 22:50:48,131 [INFO] ServerAccessManage:474 - Download File Infineon.AIROC-Wi-Fi-Bluetooth-STM32.pdsc
2024-03-24 22:50:49,583 [WARN] MainUpdater:1184 - Updater busy. Cannot search thirdparties
2024-03-24 22:50:49,583 [INFO] ThirdPartyUpdaterWithRetryManager:96 - Updater plugin is busy. [14/15]
2024-03-24 22:50:50,139 [WARN] PackLoader:242 - Cannot read IP mode file for STMicroelectronics.FP-ATR-ASTRA1.2.0.0
2024-03-24 22:50:50,148 [WARN] PackLoader:242 - Cannot read IP mode file for STMicroelectronics.FP-SNS-FLIGHT1.5.0.2
2024-03-24 22:50:50,154 [WARN] PackLoader:242 - Cannot read IP mode file for STMicroelectronics.FP-SNS-MOTENV1.4.3.2
2024-03-24 22:50:50,162 [WARN] PackLoader:242 - Cannot read IP mode file for STMicroelectronics.FP-SNS-MOTENVWB1.1.3.1
2024-03-24 22:50:50,168 [WARN] PackLoader:242 - Cannot read IP mode file for STMicroelectronics.FP-SNS-SMARTAG2.1.2.0
2024-03-24 22:50:50,172 [WARN] PackLoader:242 - Cannot read IP mode file for STMicroelectronics.X-CUBE-AI.8.1.0
2024-03-24 22:50:50,179 [WARN] PackLoader:242 - Cannot read IP mode file for STMicroelectronics.X-CUBE-BLE1.7.0.0
2024-03-24 22:50:50,189 [WARN] PackLoader:242 - Cannot read IP mode file for STMicroelectronics.X-CUBE-BLEMGR.3.1.0
2024-03-24 22:50:50,207 [WARN] PackLoader:242 - Cannot read IP mode file for STMicroelectronics.X-CUBE-DISPLAY.3.0.0
2024-03-24 22:50:50,218 [WARN] PackLoader:242 - Cannot read IP mode file for STMicroelectronics.X-CUBE-EEPRMA1.5.1.0
2024-03-24 22:50:50,228 [WARN] PackLoader:242 - Cannot read IP mode file for STMicroelectronics.X-CUBE-FREERTOS.1.1.0
2024-03-24 22:50:50,234 [WARN] PackLoader:242 - Cannot read IP mode file for STMicroelectronics.X-CUBE-ISPU.2.0.0
2024-03-24 22:50:50,260 [INFO] CheckServerUpdateThread:119 - End of CheckServer Thread
2024-03-24 22:50:50,313 [WARN] PackLoader:242 - Cannot read IP mode file for STMicroelectronics.X-CUBE-MEMS1.10.0.0
2024-03-24 22:50:50,319 [INFO] McuFinderGlobals:57 - Set McuFinderConnectedMode to true
2024-03-24 22:50:50,567 [WARN] PackLoader:242 - Cannot read IP mode file for STMicroelectronics.X-CUBE-NFC4.3.0.0
2024-03-24 22:50:50,581 [WARN] PackLoader:242 - Cannot read IP mode file for STMicroelectronics.X-CUBE-NFC6.3.1.0
2024-03-24 22:50:50,595 [WARN] PackLoader:242 - Cannot read IP mode file for STMicroelectronics.X-CUBE-NFC7.1.0.1
2024-03-24 22:50:50,601 [WARN] PackLoader:242 - Cannot read IP mode file for STMicroelectronics.X-CUBE-SMBUS.2.1.0
2024-03-24 22:50:50,614 [WARN] PackLoader:242 - Cannot read IP mode file for STMicroelectronics.X-CUBE-TOF1.3.4.1
2024-03-24 22:50:50,634 [WARN] PackLoader:242 - Cannot read IP mode file for STMicroelectronics.X-CUBE-TOUCHGFX.4.23.0
2024-03-24 22:50:50,664 [WARN] PackLoader:242 - Cannot read IP mode file for STMicroelectronics.X-CUBE-AZRTOS-H7.3.2.0
2024-03-24 22:50:50,691 [WARN] ConditionMgr:437 - getConditionDescription Invalid condition id : LAN8742 Phy interface Condition cause : null
2024-03-24 22:50:50,692 [WARN] PackLoader:242 - Cannot read IP mode file for STMicroelectronics.X-CUBE-AZRTOS-L4.2.0.0
2024-03-24 22:50:50,694 [WARN] ConditionMgr:1038 - genDependencies : Invalid condition id : LAN8742 Phy interface Condition cause : null
2024-03-24 22:50:50,694 [WARN] ConditionMgr:1038 - genDependencies : Invalid condition id : LAN8742 Phy interface Condition cause : null
2024-03-24 22:50:50,695 [WARN] ConditionMgr:1038 - genDependencies : Invalid condition id : LAN8742 Phy interface Condition cause : null
2024-03-24 22:50:50,718 [WARN] PackLoader:242 - Cannot read IP mode file for STMicroelectronics.X-CUBE-AZRTOS-L5.2.0.0
2024-03-24 22:50:50,740 [WARN] PackLoader:242 - Cannot read IP mode file for STMicroelectronics.X-CUBE-AZRTOS-G4.2.0.0
2024-03-24 22:50:50,741 [INFO] ServerAccessManage:474 - Download File mcusAds.json._tmp_
2024-03-24 22:50:50,774 [WARN] ConditionMgr:437 - getConditionDescription Invalid condition id : UX DEVICE CLASS RTOS Condition cause : null
2024-03-24 22:50:50,775 [WARN] ConditionMgr:437 - getConditionDescription Invalid condition id : UX DEVICE CLASS RTOS Condition cause : null
2024-03-24 22:50:50,777 [WARN] PackLoader:242 - Cannot read IP mode file for STMicroelectronics.X-CUBE-AZRTOS-WB.2.0.0
2024-03-24 22:50:50,777 [WARN] ConditionMgr:1038 - genDependencies : Invalid condition id : UX DEVICE CLASS RTOS Condition cause : null
2024-03-24 22:50:50,777 [WARN] ConditionMgr:1038 - genDependencies : Invalid condition id : UX DEVICE CLASS RTOS Condition cause : null
2024-03-24 22:50:50,777 [WARN] ConditionMgr:1038 - genDependencies : Invalid condition id : UX DEVICE CLASS RTOS Condition cause : null
2024-03-24 22:50:50,778 [WARN] ConditionMgr:1038 - genDependencies : Invalid condition id : UX DEVICE CLASS RTOS Condition cause : null
2024-03-24 22:50:50,778 [WARN] ConditionMgr:1038 - genDependencies : Invalid condition id : UX DEVICE CLASS RTOS Condition cause : null
2024-03-24 22:50:50,785 [INFO] LogOutputStream:76 - [STDOUT_REDIRECT] 1 : Invalid condition id : UX_CORESTACK_Condition cause : null
2024-03-24 22:50:50,785 [INFO] LogOutputStream:76 - [STDOUT_REDIRECT] 1 : Invalid condition id : UX_CORESTACK_Condition cause : null
2024-03-24 22:50:50,787 [INFO] LogOutputStream:76 - [STDOUT_REDIRECT] 1 : Invalid condition id : UX_CORESTACK_Condition cause : null
2024-03-24 22:50:50,799 [INFO] LogOutputStream:76 - [STDOUT_REDIRECT] 1 : Invalid condition id : UX_CORESTACK_Condition cause : null
2024-03-24 22:50:50,801 [INFO] LogOutputStream:76 - [STDOUT_REDIRECT] 1 : Invalid condition id : UX_CORESTACK_Condition cause : null
2024-03-24 22:50:50,806 [WARN] PackLoader:242 - Cannot read IP mode file for STMicroelectronics.X-CUBE-AZRTOS-WL.2.0.0
2024-03-24 22:50:50,812 [WARN] PackLoader:242 - Cannot read IP mode file for ITTIA_DB.I-CUBE-ITTIADB.8.8.0
2024-03-24 22:50:50,823 [WARN] PackLoader:242 - Cannot read IP mode file for Infineon.AIROC-Wi-Fi-Bluetooth-STM32.1.5.1
2024-03-24 22:50:50,829 [INFO] PopulateThirdPartyThread:64 - Ending populate Thread
2024-03-24 22:50:50,831 [INFO] ThirdParty:981 - CMSIS Pack Vendor :STMicroelectronics X-CUBE-DISPLAY 3.0.0
2024-03-24 22:50:50,831 [INFO] ThirdParty:981 - CMSIS Pack Vendor :STMicroelectronics FP-SNS-MOTENVWB1 1.3.1
2024-03-24 22:50:50,831 [INFO] ThirdParty:981 - CMSIS Pack Vendor :STMicroelectronics X-CUBE-BLE1 7.0.0
2024-03-24 22:50:50,831 [INFO] ThirdParty:981 - CMSIS Pack Vendor :STMicroelectronics X-CUBE-SMBUS 2.1.0
2024-03-24 22:50:50,831 [INFO] ThirdParty:981 - CMSIS Pack Vendor :STMicroelectronics X-CUBE-ISPU 2.0.0
2024-03-24 22:50:50,831 [INFO] ThirdParty:981 - CMSIS Pack Vendor :STMicroelectronics X-CUBE-EEPRMA1 5.1.0
2024-03-24 22:50:50,831 [INFO] ThirdParty:981 - CMSIS Pack Vendor :STMicroelectronics X-CUBE-AZRTOS-WB 2.0.0
2024-03-24 22:50:50,831 [INFO] ThirdParty:981 - CMSIS Pack Vendor :STMicroelectronics X-CUBE-MEMS1 10.0.0
2024-03-24 22:50:50,831 [INFO] ThirdParty:981 - CMSIS Pack Vendor :STMicroelectronics X-CUBE-FREERTOS 1.1.0
2024-03-24 22:50:50,831 [INFO] ThirdParty:981 - CMSIS Pack Vendor :STMicroelectronics X-CUBE-NFC7 1.0.1
2024-03-24 22:50:50,832 [INFO] ThirdParty:981 - CMSIS Pack Vendor :STMicroelectronics X-CUBE-TOUCHGFX 4.23.0
2024-03-24 22:50:50,832 [INFO] ThirdParty:981 - CMSIS Pack Vendor :STMicroelectronics X-CUBE-AZRTOS-L5 2.0.0
2024-03-24 22:50:50,832 [INFO] ThirdParty:981 - CMSIS Pack Vendor :STMicroelectronics X-CUBE-NFC6 3.1.0
2024-03-24 22:50:50,832 [INFO] ThirdParty:981 - CMSIS Pack Vendor :ITTIA_DB I-CUBE-ITTIADB 8.8.0
2024-03-24 22:50:50,832 [INFO] ThirdParty:981 - CMSIS Pack Vendor :STMicroelectronics X-CUBE-BLEMGR 3.1.0
2024-03-24 22:50:50,832 [INFO] ThirdParty:981 - CMSIS Pack Vendor :STMicroelectronics FP-SNS-SMARTAG2 1.2.0
2024-03-24 22:50:50,832 [INFO] ThirdParty:981 - CMSIS Pack Vendor :STMicroelectronics FP-SNS-MOTENV1 4.3.2
2024-03-24 22:50:50,832 [INFO] ThirdParty:981 - CMSIS Pack Vendor :STMicroelectronics X-CUBE-AZRTOS-WL 2.0.0
2024-03-24 22:50:50,832 [INFO] ThirdParty:981 - CMSIS Pack Vendor :STMicroelectronics X-CUBE-AI 8.1.0
2024-03-24 22:50:50,832 [INFO] ThirdParty:981 - CMSIS Pack Vendor :STMicroelectronics X-CUBE-NFC4 3.0.0
2024-03-24 22:50:50,832 [INFO] ThirdParty:981 - CMSIS Pack Vendor :STMicroelectronics X-CUBE-AZRTOS-L4 2.0.0
2024-03-24 22:50:50,832 [INFO] ThirdParty:981 - CMSIS Pack Vendor :STMicroelectronics FP-ATR-ASTRA1 2.0.0
2024-03-24 22:50:50,832 [INFO] ThirdParty:981 - CMSIS Pack Vendor :STMicroelectronics FP-SNS-FLIGHT1 5.0.2
2024-03-24 22:50:50,832 [INFO] ThirdParty:981 - CMSIS Pack Vendor :STMicroelectronics X-CUBE-TOF1 3.4.1
2024-03-24 22:50:50,832 [INFO] ThirdParty:981 - CMSIS Pack Vendor :STMicroelectronics X-CUBE-AZRTOS-G4 2.0.0
2024-03-24 22:50:50,832 [INFO] ThirdParty:981 - CMSIS Pack Vendor :STMicroelectronics X-CUBE-AZRTOS-H7 3.2.0
2024-03-24 22:50:50,832 [INFO] ThirdParty:981 - CMSIS Pack Vendor :Infineon AIROC-Wi-Fi-Bluetooth-STM32 1.5.1
2024-03-24 22:50:50,833 [INFO] LoadServerUpdatesThread:367 - End of LoadServerUpdate Thread
2024-03-24 22:50:50,859 [INFO] LoadUrlFilesThread:150 - End of LoadUrlFiles Thread
2024-03-24 22:50:51,054 [INFO] ServerAccessManage:474 - Download File cube-finder-db.zip
2024-03-24 22:50:52,591 [WARN] MainUpdater:1184 - Updater busy. Cannot search thirdparties
2024-03-24 22:50:52,591 [INFO] ThirdPartyUpdaterWithRetryManager:96 - Updater plugin is busy. [15/15]
2024-03-24 22:50:52,591 [ERROR] IntegrityCheckThread:128 - Cannot retrieve database content from updater: error -1
2024-03-24 22:50:52,591 [INFO] ThirdParty:929 - Integrity check success = false
2024-03-24 22:50:52,591 [INFO] IntegrityCheckThread:98 - exiting critical section [integrity check]
2024-03-24 22:50:52,591 [INFO] IntegrityCheckThread:101 - End integrity checks thread
2024-03-24 22:51:26,142 [INFO] FileExtend:239 - Unzip File : cube-finder-db.zip
2024-03-24 22:51:26,142 [INFO] FileExtend:254 - Standard Zip Deflate
2024-03-24 22:51:27,493 [INFO] LoadUrlFilesThread:150 - End of LoadUrlFiles Thread
2024-03-24 22:51:28,356 [INFO] ServerAccessManage:474 - Download File crdb.zip
2024-03-24 22:51:29,079 [INFO] FileExtend:239 - Unzip File : crdb.zip
2024-03-24 22:51:29,079 [INFO] FileExtend:254 - Standard Zip Deflate
2024-03-24 22:51:29,371 [INFO] LoadUrlFilesThread:150 - End of LoadUrlFiles Thread
2024-03-24 22:51:29,462 [INFO] ServerAccessManage:474 - Download File tutoVideoDB.zip
2024-03-24 22:51:29,599 [INFO] FileExtend:239 - Unzip File : tutoVideoDB.zip
2024-03-24 22:51:29,599 [INFO] FileExtend:254 - Standard Zip Deflate
2024-03-24 22:51:29,714 [INFO] LoadUrlFilesThread:150 - End of LoadUrlFiles Thread
2024-03-24 22:51:29,722 [INFO] JxBrowserEngine:106 - Initiate JxBrowser Engine with user profile folder
2024-03-24 22:51:30,010 [ERROR] JxBrowserEngine:59 - Can't initiate JxBrowser engine com.teamdev.jxbrowser.engine.ChromiumBinariesExtractionException: Failed to extract Chromium binaries into C:\Users\user\.stm32cubemx\.jxbrowser\Chromium
2024-03-24 22:51:30,011 [WARN] DbFile:40 - Overriding database path with different value: C:\Users\user\.stmcufinder\plugins\mcufinder/ => C:\Users\user\.stmcufinder\plugins\mcufinder
2024-03-24 22:51:30,077 [INFO] ServerAccessManage:474 - Download File api_config.json
2024-03-24 22:51:30,186 [INFO] LoadUrlFilesThread:150 - End of LoadUrlFiles Thread
2024-03-24 22:51:30,188 [INFO] DbMcusAds:52 - JSON generation date=Wed Nov 29 12:52:27 EET 2023 (1701255147349)
2024-03-24 22:51:30,467 [INFO] ServerAccessManage:474 - Download File 
2024-03-24 22:51:30,543 [INFO] LoadUrlFilesThread:177 - End of LoadServerUrlFiles without Thread
2024-03-24 22:51:30,544 [INFO] TargetSelectorAdapter:228 - Refresh data is successful
2024-03-24 22:51:31,285 [INFO] ApiDb:576 - Connected to CubeFinder SQLite database (C:\Users\user\.stmcufinder\plugins\mcufinder\mcu\cube-finder-db.db)
2024-03-24 22:51:31,369 [INFO] ApiDb:663 - CubeFinder database Data Model version=2.1
2024-03-24 22:51:31,369 [INFO] ApiDb:664 - CubeFinder database Configuration version=3.0.39
2024-03-24 22:51:31,370 [INFO] ApiDb:665 - CubeFinder database generation date=2024-03-01 (1709305525)
2024-03-24 22:51:31,370 [INFO] ApiDb:666 - CubeFinder database FW Pack versions=[FP-ATR-ASTRA1_V2.0.0, FP-SNS-FLIGHT1_V5.0.1, FP-SNS-FLIGHT1_V5.0.2, FP-SNS-MOTENV1_V4.3.1, FP-SNS-MOTENV1_V4.3.2, FP-SNS-MOTENVWB1_V1.3.1, FP-SNS-SMARTAG2_V1.2.0, STM32Cube_FW_C0_V1.1.0, STM32Cube_FW_F4_V1.28.0, STM32Cube_FW_F7_V1.17.0, STM32Cube_FW_G0_V1.6.2, STM32Cube_FW_G4_V1.5.2, STM32Cube_FW_H5_V0.5.1, STM32Cube_FW_H5_V1.1.1, STM32Cube_FW_H5_V1.2.0, STM32Cube_FW_H5_V1.2.0RC4, STM32Cube_FW_H7RS_V1.0.0, STM32Cube_FW_H7RS_V1.0.0RC4, STM32Cube_FW_H7_V1.11.0, STM32Cube_FW_L0_V1.12.2, STM32Cube_FW_L5_V1.5.1, STM32Cube_FW_U0_V1.0.0, STM32Cube_FW_U0_V1.0.0RC1, STM32Cube_FW_U5_V1.3.0RC4, STM32Cube_FW_U5_V1.5.0, STM32Cube_FW_U5_V1.5.0RC1, STM32Cube_FW_WBA_V1.0.0RC1, STM32Cube_FW_WBA_V1.2.0, STM32Cube_FW_WBA_V1.2.0RC2, STM32Cube_FW_WBA_V1.3.0, STM32Cube_FW_WBA_V1.3.0RC1, STM32Cube_FW_WB_V1.15.0RC1, STM32Cube_FW_WB_V1.16.0, STM32Cube_FW_WB_V1.16.0RC2, STM32Cube_FW_WB_V1.18.0, STM32Cube_FW_WB_V1.19.0, STM32Cube_FW_WL_V1.3.0, X-CUBE-ALGOBUILD_V1.3.0, X-CUBE-ALS_V1.0.1, X-CUBE-AZRTOS-F4_V1.1.0, X-CUBE-AZRTOS-F7_V1.1.0, X-CUBE-AZRTOS-G0_V1.1.0, X-CUBE-AZRTOS-G4_V2.0.0, X-CUBE-AZRTOS-H7_V3.2.0, X-CUBE-AZRTOS-L4_V1.0.0, X-CUBE-AZRTOS-L4_V2.0.0, X-CUBE-AZRTOS-L5_V1.1.0, X-CUBE-AZRTOS-WB_V2.0.0, X-CUBE-AZRTOS-WL_V2.0.0, X-CUBE-BLE1_V7.0.0, X-CUBE-BLE2_V3.3.0, X-CUBE-BLEMGR_V3.1.0, X-CUBE-EEPRMA1_V4.1.0, X-CUBE-EEPRMA1_V5.1.0, X-CUBE-FREERTOS_V1.1.0, X-CUBE-GNSS1_V6.0.0, X-CUBE-MEMS1_V10.0.0, X-CUBE-MEMS1_V9.1.0, X-CUBE-MEMS1_V9.4.0, X-CUBE-MEMS1_V9.6.0, X-CUBE-NFC4_V3.0.0, X-CUBE-NFC7_V1.0.1, X-CUBE-SFXS2LP1_V4.0.0, X-CUBE-SUBG2_V5.0.0, X-CUBE-TOF1_V3.4.0]
2024-03-24 22:51:33,853 [INFO] ApiDb:239 - Found 138 in-development CPN: [B-WB1M-WPAN1, NUCLEO-C031C6, STEVAL-STWINBX1, STM320518-EVAL, STM32C0116-DK, STM32C011D6Y3TR, STM32C011D6Y6TR, STM32C011F4P3, STM32C011F4P6, STM32C011F4U3, STM32C011F4U6TR, STM32C011F6P3, STM32C011F6P6, STM32C011F6U3, STM32C011F6U6TR, STM32C011J4M3, STM32C011J4M6, STM32C011J6M3, STM32C011J6M6, STM32C0316-DK, STM32C031C4T3, STM32C031C4T6, STM32C031C4U3, STM32C031C4U6, STM32C031C6T3, STM32C031C6T6, STM32C031C6U3, STM32C031C6U6, STM32C031F4P3, STM32C031F4P6, STM32C031F6P3, STM32C031F6P6, STM32C031G4U3, STM32C031G4U6, STM32C031G6U3, STM32C031G6U6, STM32C031K4T3, STM32C031K4T6, STM32C031K4U3, STM32C031K4U6, STM32C031K6T3, STM32C031K6T6, STM32C031K6U3, STM32C031K6U6, STM32G071K8TXN, STM32G071K8UXN, STM32G081GBU6N, STM32G081KBT6N, STM32G081KBUXN, STM32G0B1CCT6N, STM32G0B1KCT6, STM32G0B1NEY6TR, STM32G0B1RCT6N, STM32G0C1CCT6, STM32G0C1CCT6N, STM32G0C1CCU6N, STM32G0C1CET6N, STM32G0C1CEU6N, STM32G0C1KCT6, STM32G0C1NEY6TR, STM32G0C1RCI6N, STM32G0C1RCT6N, STM32G0C1REI6N, STM32G0C1RET6N, STM32G0C1VCI6, STM32G0C1VEI6, STM32G471CCT6, STM32G471CCU6, STM32G471CET3, STM32G471CET6, STM32G471CEU3, STM32G471CEU6, STM32G471MCT6, STM32G471MET3, STM32G471MET6, STM32G471MEY6TR, STM32G471QCT6, STM32G471QET3, STM32G471RCT6, STM32G471RET3, STM32G471RET6, STM32G471VCH6, STM32G471VCI6, STM32G471VCT6, STM32G471VEH3, STM32G471VEH6, STM32G471VEI3, STM32G471VEI6, STM32G471VET3, STM32G471VET6, STM32G474CCT6, STM32L476VGY6PTR, STM32L4R5QGI6STR, STM32MP131AAE3, STM32MP131AAF3, STM32MP131AAG3, STM32MP131CAE3, STM32MP131CAF3, STM32MP131CAG3, STM32MP131DAE7, STM32MP131DAF7, STM32MP131DAG7, STM32MP131FAE7, STM32MP131FAF7, STM32MP131FAG7, STM32MP133AAE3, STM32MP133AAF3, STM32MP133AAG3, STM32MP133CAE3, STM32MP133CAF3, STM32MP133CAG3, STM32MP133DAE7, STM32MP133DAF7, STM32MP133DAG7, STM32MP133FAE7, STM32MP133FAF7, STM32MP133FAG7, STM32MP135AAE3, STM32MP135AAF3, STM32MP135AAG3, STM32MP135CAE3, STM32MP135CAF3, STM32MP135CAG3, STM32MP135DAE7, STM32MP135DAF7, STM32MP135DAG7, STM32MP135F-DK, STM32MP135FAE7, STM32MP135FAF7, STM32MP135FAG7, STM32U595ZJT6Q, STM32U599BJY6QTR, STM32U599NIH6Q, STM32U599NJH6Q, STM32U5A5ZJT6Q, STM32U5A9BJY6QTR, STM32U5A9NJH6Q, STM32WB1MMCH6]
2024-03-24 22:51:33,858 [INFO] DbMcus:215 - Found 3928 MCUs, 3928 are supported
2024-03-24 22:51:33,861 [INFO] ApiDb:418 - Load user favorites file C:\Users\user/.stm32cubeide/favorites.mcus.txt: 0 item(s)
2024-03-24 22:51:33,862 [INFO] ApiDb:422 - User favorites MCUs=[]
2024-03-24 22:51:33,862 [INFO] DbMcus:221 - Set 0 / 0 favorites MCUs
2024-03-24 22:51:33,866 [INFO] ApiDb:663 - CubeFinder database Data Model version=2.1
2024-03-24 22:51:33,866 [INFO] ApiDb:664 - CubeFinder database Configuration version=3.0.39
2024-03-24 22:51:33,866 [INFO] ApiDb:665 - CubeFinder database generation date=2024-03-01 (1709305525)
2024-03-24 22:51:33,866 [INFO] ApiDb:666 - CubeFinder database FW Pack versions=[FP-ATR-ASTRA1_V2.0.0, FP-SNS-FLIGHT1_V5.0.1, FP-SNS-FLIGHT1_V5.0.2, FP-SNS-MOTENV1_V4.3.1, FP-SNS-MOTENV1_V4.3.2, FP-SNS-MOTENVWB1_V1.3.1, FP-SNS-SMARTAG2_V1.2.0, STM32Cube_FW_C0_V1.1.0, STM32Cube_FW_F4_V1.28.0, STM32Cube_FW_F7_V1.17.0, STM32Cube_FW_G0_V1.6.2, STM32Cube_FW_G4_V1.5.2, STM32Cube_FW_H5_V0.5.1, STM32Cube_FW_H5_V1.1.1, STM32Cube_FW_H5_V1.2.0, STM32Cube_FW_H5_V1.2.0RC4, STM32Cube_FW_H7RS_V1.0.0, STM32Cube_FW_H7RS_V1.0.0RC4, STM32Cube_FW_H7_V1.11.0, STM32Cube_FW_L0_V1.12.2, STM32Cube_FW_L5_V1.5.1, STM32Cube_FW_U0_V1.0.0, STM32Cube_FW_U0_V1.0.0RC1, STM32Cube_FW_U5_V1.3.0RC4, STM32Cube_FW_U5_V1.5.0, STM32Cube_FW_U5_V1.5.0RC1, STM32Cube_FW_WBA_V1.0.0RC1, STM32Cube_FW_WBA_V1.2.0, STM32Cube_FW_WBA_V1.2.0RC2, STM32Cube_FW_WBA_V1.3.0, STM32Cube_FW_WBA_V1.3.0RC1, STM32Cube_FW_WB_V1.15.0RC1, STM32Cube_FW_WB_V1.16.0, STM32Cube_FW_WB_V1.16.0RC2, STM32Cube_FW_WB_V1.18.0, STM32Cube_FW_WB_V1.19.0, STM32Cube_FW_WL_V1.3.0, X-CUBE-ALGOBUILD_V1.3.0, X-CUBE-ALS_V1.0.1, X-CUBE-AZRTOS-F4_V1.1.0, X-CUBE-AZRTOS-F7_V1.1.0, X-CUBE-AZRTOS-G0_V1.1.0, X-CUBE-AZRTOS-G4_V2.0.0, X-CUBE-AZRTOS-H7_V3.2.0, X-CUBE-AZRTOS-L4_V1.0.0, X-CUBE-AZRTOS-L4_V2.0.0, X-CUBE-AZRTOS-L5_V1.1.0, X-CUBE-AZRTOS-WB_V2.0.0, X-CUBE-AZRTOS-WL_V2.0.0, X-CUBE-BLE1_V7.0.0, X-CUBE-BLE2_V3.3.0, X-CUBE-BLEMGR_V3.1.0, X-CUBE-EEPRMA1_V4.1.0, X-CUBE-EEPRMA1_V5.1.0, X-CUBE-FREERTOS_V1.1.0, X-CUBE-GNSS1_V6.0.0, X-CUBE-MEMS1_V10.0.0, X-CUBE-MEMS1_V9.1.0, X-CUBE-MEMS1_V9.4.0, X-CUBE-MEMS1_V9.6.0, X-CUBE-NFC4_V3.0.0, X-CUBE-NFC7_V1.0.1, X-CUBE-SFXS2LP1_V4.0.0, X-CUBE-SUBG2_V5.0.0, X-CUBE-TOF1_V3.4.0]
2024-03-24 22:51:33,938 [INFO] DbBoardsSqlite:227 - include board P-NUCLEO-WB55-NUCLEO as a kit item of type 'Nucleo-64'
2024-03-24 22:51:33,939 [INFO] DbBoardsSqlite:227 - include board P-NUCLEO-WB55-USBDONGLE as a kit item of type 'Nucleo USB Dongle'
2024-03-24 22:51:33,939 [INFO] DbBoardsSqlite:227 - include board STEVAL-IDP005V1 as a kit item of type 'Evaluation Board'
2024-03-24 22:51:33,939 [INFO] DbBoardsSqlite:227 - include board STEVAL-IDP005V2 as a kit item of type 'Evaluation Board'
2024-03-24 22:51:34,009 [INFO] ApiDb:239 - Found 138 in-development CPN: [B-WB1M-WPAN1, NUCLEO-C031C6, STEVAL-STWINBX1, STM320518-EVAL, STM32C0116-DK, STM32C011D6Y3TR, STM32C011D6Y6TR, STM32C011F4P3, STM32C011F4P6, STM32C011F4U3, STM32C011F4U6TR, STM32C011F6P3, STM32C011F6P6, STM32C011F6U3, STM32C011F6U6TR, STM32C011J4M3, STM32C011J4M6, STM32C011J6M3, STM32C011J6M6, STM32C0316-DK, STM32C031C4T3, STM32C031C4T6, STM32C031C4U3, STM32C031C4U6, STM32C031C6T3, STM32C031C6T6, STM32C031C6U3, STM32C031C6U6, STM32C031F4P3, STM32C031F4P6, STM32C031F6P3, STM32C031F6P6, STM32C031G4U3, STM32C031G4U6, STM32C031G6U3, STM32C031G6U6, STM32C031K4T3, STM32C031K4T6, STM32C031K4U3, STM32C031K4U6, STM32C031K6T3, STM32C031K6T6, STM32C031K6U3, STM32C031K6U6, STM32G071K8TXN, STM32G071K8UXN, STM32G081GBU6N, STM32G081KBT6N, STM32G081KBUXN, STM32G0B1CCT6N, STM32G0B1KCT6, STM32G0B1NEY6TR, STM32G0B1RCT6N, STM32G0C1CCT6, STM32G0C1CCT6N, STM32G0C1CCU6N, STM32G0C1CET6N, STM32G0C1CEU6N, STM32G0C1KCT6, STM32G0C1NEY6TR, STM32G0C1RCI6N, STM32G0C1RCT6N, STM32G0C1REI6N, STM32G0C1RET6N, STM32G0C1VCI6, STM32G0C1VEI6, STM32G471CCT6, STM32G471CCU6, STM32G471CET3, STM32G471CET6, STM32G471CEU3, STM32G471CEU6, STM32G471MCT6, STM32G471MET3, STM32G471MET6, STM32G471MEY6TR, STM32G471QCT6, STM32G471QET3, STM32G471RCT6, STM32G471RET3, STM32G471RET6, STM32G471VCH6, STM32G471VCI6, STM32G471VCT6, STM32G471VEH3, STM32G471VEH6, STM32G471VEI3, STM32G471VEI6, STM32G471VET3, STM32G471VET6, STM32G474CCT6, STM32L476VGY6PTR, STM32L4R5QGI6STR, STM32MP131AAE3, STM32MP131AAF3, STM32MP131AAG3, STM32MP131CAE3, STM32MP131CAF3, STM32MP131CAG3, STM32MP131DAE7, STM32MP131DAF7, STM32MP131DAG7, STM32MP131FAE7, STM32MP131FAF7, STM32MP131FAG7, STM32MP133AAE3, STM32MP133AAF3, STM32MP133AAG3, STM32MP133CAE3, STM32MP133CAF3, STM32MP133CAG3, STM32MP133DAE7, STM32MP133DAF7, STM32MP133DAG7, STM32MP133FAE7, STM32MP133FAF7, STM32MP133FAG7, STM32MP135AAE3, STM32MP135AAF3, STM32MP135AAG3, STM32MP135CAE3, STM32MP135CAF3, STM32MP135CAG3, STM32MP135DAE7, STM32MP135DAF7, STM32MP135DAG7, STM32MP135F-DK, STM32MP135FAE7, STM32MP135FAF7, STM32MP135FAG7, STM32U595ZJT6Q, STM32U599BJY6QTR, STM32U599NIH6Q, STM32U599NJH6Q, STM32U5A5ZJT6Q, STM32U5A9BJY6QTR, STM32U5A9NJH6Q, STM32WB1MMCH6]
2024-03-24 22:51:34,042 [INFO] BoardInfo:879 - No configuration file found for board B-G473E-ZEST1S
2024-03-24 22:51:34,042 [INFO] DbBoards:156 - Board is not supported: B-G473E-ZEST1S
2024-03-24 22:51:34,064 [INFO] BoardInfo:879 - No configuration file found for board B-WL5M-SUBG1
2024-03-24 22:51:34,064 [INFO] DbBoards:156 - Board is not supported: B-WL5M-SUBG1
2024-03-24 22:51:34,119 [INFO] BoardInfo:879 - No configuration file found for board NUCLEO-H503RB
2024-03-24 22:51:34,119 [INFO] DbBoards:156 - Board is not supported: NUCLEO-H503RB
2024-03-24 22:51:34,120 [INFO] BoardInfo:879 - No configuration file found for board NUCLEO-H563ZI
2024-03-24 22:51:34,120 [INFO] DbBoards:156 - Board is not supported: NUCLEO-H563ZI
2024-03-24 22:51:34,152 [INFO] BoardInfo:879 - No configuration file found for board NUCLEO-U545RE-Q
2024-03-24 22:51:34,153 [INFO] DbBoards:156 - Board is not supported: NUCLEO-U545RE-Q
2024-03-24 22:51:34,155 [INFO] BoardInfo:879 - No configuration file found for board NUCLEO-U5A5ZJ-Q
2024-03-24 22:51:34,155 [INFO] DbBoards:156 - Board is not supported: NUCLEO-U5A5ZJ-Q
2024-03-24 22:51:34,162 [INFO] BoardInfo:879 - No configuration file found for board NUCLEO-WBA52CG
2024-03-24 22:51:34,162 [INFO] DbBoards:156 - Board is not supported: NUCLEO-WBA52CG
2024-03-24 22:51:34,168 [INFO] BoardInfo:879 - No configuration file found for board P-NUCLEO-WB55
2024-03-24 22:51:34,168 [INFO] DbBoards:156 - Kit is not supported: P-NUCLEO-WB55
2024-03-24 22:51:34,172 [INFO] BoardInfo:879 - No configuration file found for board STEVAL-BFA001V1B
2024-03-24 22:51:34,173 [INFO] DbBoards:156 - Kit is not supported: STEVAL-BFA001V1B
2024-03-24 22:51:34,174 [INFO] BoardInfo:879 - No configuration file found for board STEVAL-BFA001V2B
2024-03-24 22:51:34,174 [INFO] DbBoards:156 - Kit is not supported: STEVAL-BFA001V2B
2024-03-24 22:51:34,198 [INFO] BoardInfo:879 - No configuration file found for board STEVAL-MKBOXPRO
2024-03-24 22:51:34,198 [INFO] DbBoards:156 - Board is not supported: STEVAL-MKBOXPRO
2024-03-24 22:51:34,201 [INFO] BoardInfo:879 - No configuration file found for board STEVAL-PROTEUS1
2024-03-24 22:51:34,201 [INFO] DbBoards:156 - Board is not supported: STEVAL-PROTEUS1
2024-03-24 22:51:34,202 [INFO] BoardInfo:879 - No configuration file found for board STEVAL-SMARTAG2
2024-03-24 22:51:34,202 [INFO] DbBoards:156 - Board is not supported: STEVAL-SMARTAG2
2024-03-24 22:51:34,266 [INFO] BoardInfo:879 - No configuration file found for board STM32H573I-DK
2024-03-24 22:51:34,266 [INFO] DbBoards:156 - Board is not supported: STM32H573I-DK
2024-03-24 22:51:34,310 [INFO] BoardInfo:879 - No configuration file found for board STM32U5A9J-DK
2024-03-24 22:51:34,310 [INFO] DbBoards:156 - Board is not supported: STM32U5A9J-DK
2024-03-24 22:51:34,311 [INFO] BoardInfo:879 - No configuration file found for board STM32U5G9J-DK1
2024-03-24 22:51:34,311 [INFO] DbBoards:156 - Board is not supported: STM32U5G9J-DK1
2024-03-24 22:51:34,313 [INFO] BoardInfo:879 - No configuration file found for board STM32U5G9J-DK2
2024-03-24 22:51:34,313 [INFO] DbBoards:156 - Board is not supported: STM32U5G9J-DK2
2024-03-24 22:51:34,315 [INFO] DbBoards:160 - Found 191 boards, 174 are supported
2024-03-24 22:51:34,322 [INFO] ApiDb:418 - Load user favorites file C:\Users\user/.stm32cubeide/favorites.boards.txt: 0 item(s)
2024-03-24 22:51:34,322 [INFO] ApiDb:422 - User favorites Boards=[]
2024-03-24 22:51:34,322 [INFO] DbBoards:189 - Set 0 / 0 favorites Boards
2024-03-24 22:51:34,325 [INFO] ApiDb:663 - CubeFinder database Data Model version=2.1
2024-03-24 22:51:34,325 [INFO] ApiDb:664 - CubeFinder database Configuration version=3.0.39
2024-03-24 22:51:34,325 [INFO] ApiDb:665 - CubeFinder database generation date=2024-03-01 (1709305525)
2024-03-24 22:51:34,325 [INFO] ApiDb:666 - CubeFinder database FW Pack versions=[FP-ATR-ASTRA1_V2.0.0, FP-SNS-FLIGHT1_V5.0.1, FP-SNS-FLIGHT1_V5.0.2, FP-SNS-MOTENV1_V4.3.1, FP-SNS-MOTENV1_V4.3.2, FP-SNS-MOTENVWB1_V1.3.1, FP-SNS-SMARTAG2_V1.2.0, STM32Cube_FW_C0_V1.1.0, STM32Cube_FW_F4_V1.28.0, STM32Cube_FW_F7_V1.17.0, STM32Cube_FW_G0_V1.6.2, STM32Cube_FW_G4_V1.5.2, STM32Cube_FW_H5_V0.5.1, STM32Cube_FW_H5_V1.1.1, STM32Cube_FW_H5_V1.2.0, STM32Cube_FW_H5_V1.2.0RC4, STM32Cube_FW_H7RS_V1.0.0, STM32Cube_FW_H7RS_V1.0.0RC4, STM32Cube_FW_H7_V1.11.0, STM32Cube_FW_L0_V1.12.2, STM32Cube_FW_L5_V1.5.1, STM32Cube_FW_U0_V1.0.0, STM32Cube_FW_U0_V1.0.0RC1, STM32Cube_FW_U5_V1.3.0RC4, STM32Cube_FW_U5_V1.5.0, STM32Cube_FW_U5_V1.5.0RC1, STM32Cube_FW_WBA_V1.0.0RC1, STM32Cube_FW_WBA_V1.2.0, STM32Cube_FW_WBA_V1.2.0RC2, STM32Cube_FW_WBA_V1.3.0, STM32Cube_FW_WBA_V1.3.0RC1, STM32Cube_FW_WB_V1.15.0RC1, STM32Cube_FW_WB_V1.16.0, STM32Cube_FW_WB_V1.16.0RC2, STM32Cube_FW_WB_V1.18.0, STM32Cube_FW_WB_V1.19.0, STM32Cube_FW_WL_V1.3.0, X-CUBE-ALGOBUILD_V1.3.0, X-CUBE-ALS_V1.0.1, X-CUBE-AZRTOS-F4_V1.1.0, X-CUBE-AZRTOS-F7_V1.1.0, X-CUBE-AZRTOS-G0_V1.1.0, X-CUBE-AZRTOS-G4_V2.0.0, X-CUBE-AZRTOS-H7_V3.2.0, X-CUBE-AZRTOS-L4_V1.0.0, X-CUBE-AZRTOS-L4_V2.0.0, X-CUBE-AZRTOS-L5_V1.1.0, X-CUBE-AZRTOS-WB_V2.0.0, X-CUBE-AZRTOS-WL_V2.0.0, X-CUBE-BLE1_V7.0.0, X-CUBE-BLE2_V3.3.0, X-CUBE-BLEMGR_V3.1.0, X-CUBE-EEPRMA1_V4.1.0, X-CUBE-EEPRMA1_V5.1.0, X-CUBE-FREERTOS_V1.1.0, X-CUBE-GNSS1_V6.0.0, X-CUBE-MEMS1_V10.0.0, X-CUBE-MEMS1_V9.1.0, X-CUBE-MEMS1_V9.4.0, X-CUBE-MEMS1_V9.6.0, X-CUBE-NFC4_V3.0.0, X-CUBE-NFC7_V1.0.1, X-CUBE-SFXS2LP1_V4.0.0, X-CUBE-SUBG2_V5.0.0, X-CUBE-TOF1_V3.4.0]
2024-03-24 22:51:35,193 [ERROR] DbExamplesSqlite:416 - Missing JSON key: board_cpn
2024-03-24 22:51:35,194 [ERROR] DbExamplesSqlite:416 - Missing JSON key: board_cpn
2024-03-24 22:51:35,194 [ERROR] DbExamplesSqlite:416 - Missing JSON key: board_cpn
2024-03-24 22:51:35,194 [ERROR] DbExamplesSqlite:416 - Missing JSON key: board_cpn
2024-03-24 22:51:35,356 [INFO] DbExamplesSqlite:374 - Ignored 60 examples not supported by CubeIDE
2024-03-24 22:51:35,356 [INFO] DbExamplesSqlite:375 - Found 8152 examples active
2024-03-24 22:51:35,357 [INFO] DbExamplesSqlite:376 - Found 871 examples obsolete
2024-03-24 22:51:35,357 [INFO] DbExamplesSqlite:377 - Found 0 examples under development
2024-03-24 22:51:35,357 [INFO] DbExamplesSqlite:378 - Found 10 examples not building
2024-03-24 22:51:35,360 [INFO] DbExamples:124 - Found 8102 examples
2024-03-24 22:51:35,828 [ERROR] DbExamples:207 - Found 833 examples with invalid data (board or MCU)
2024-03-24 22:51:35,829 [INFO] DbExamples:221 - Found 93 boards with related examples
2024-03-24 22:51:35,830 [INFO] DbExamples:234 - Found 78 MCUs with related examples
2024-03-24 22:51:35,858 [INFO] ApiDb:418 - Load user favorites file C:\Users\user/.stm32cubeide/favorites.examples.txt: 0 item(s)
2024-03-24 22:51:35,858 [INFO] ApiDb:422 - User favorites Examples=[]
2024-03-24 22:51:35,858 [INFO] DbExamples:249 - Set 0 / 0 favorites Examples
2024-03-24 22:51:36,592 [INFO] McuFinderGlobals:57 - Set McuFinderConnectedMode to true
2024-03-24 22:51:36,601 [INFO] MultiScanPanel:195 - Auto-refresh data requested => check proxy status ongoing
2024-03-24 22:51:36,604 [INFO] FinderPluginLoader:92 - Searching for filters in installed packs
2024-03-24 22:51:38,520 [INFO] LoadUrlFilesThread:177 - End of LoadServerUrlFiles without Thread
2024-03-24 22:51:38,535 [INFO] DetailPanel:339 - Set advertising image to C:/Users/user/STM32Cube/Repository/\en.prom-stm32wl3-mcu-finder.jpg
2024-03-24 22:53:44,152 [INFO] McuFinderGlobals:57 - Set McuFinderConnectedMode to true
2024-03-24 22:53:44,154 [INFO] ApiDb:443 - Save user favorites file C:\Users\user/.stm32cubeide/favorites.mcus.txt: 0 item(s)
2024-03-24 22:53:44,154 [INFO] ApiDb:447 - User favorites MCUs=[]
2024-03-28 17:21:10,722 [ERROR] LogOutputStream:74 - [STDERR_REDIRECT] 
